Connecting to database specified by database.yml
Compiled jquery.js  (8ms)  (pid 16036)
Compiled jquery-ui-1103custommin.js  (6ms)  (pid 16036)
Compiled autocomplete-rails.js  (0ms)  (pid 16036)
Compiled bootstrapmin.js  (1ms)  (pid 16036)
Compiled twitter-bootstrap-hover-dropdown.min.js  (0ms)  (pid 16036)
Compiled auctions.js  (180ms)  (pid 16036)
Compiled countdown.js  (0ms)  (pid 16036)
Compiled embedmin.js  (0ms)  (pid 16036)
Compiled endless_page.js  (0ms)  (pid 16036)
Compiled flowplayer.js  (0ms)  (pid 16036)
Compiled flowplayermin.js  (1ms)  (pid 16036)
Compiled jquery.countdown.min.js  (0ms)  (pid 16036)
Compiled jquery.sausage.js  (48ms)  (pid 16036)
Compiled jsl-test.js  (0ms)  (pid 16036)
Compiled misc.js  (0ms)  (pid 16036)
Compiled sessions.js  (2ms)  (pid 16036)
Compiled static_pages.js  (18ms)  (pid 16036)
Compiled users.js  (21ms)  (pid 16036)
Compiled application.js  (434ms)  (pid 16036)
Compiled all-skins.css  (0ms)  (pid 16036)
Compiled auctions.css  (56ms)  (pid 16036)
Compiled boostrapper.css  (1ms)  (pid 16036)
Compiled bootstrap.min.css  (1ms)  (pid 16036)
Compiled countdown.css  (0ms)  (pid 16036)
Compiled custom.css  (3760ms)  (pid 16036)
Compiled functional.css  (0ms)  (pid 16036)
Compiled jquery.countdown.css  (0ms)  (pid 16036)
Compiled minimalist.css  (0ms)  (pid 16036)
Compiled playful.css  (0ms)  (pid 16036)
Compiled sessions.css  (2ms)  (pid 16036)
Compiled south-street/jquery-ui-1.10.3.custom.css  (0ms)  (pid 16036)
Compiled south-street/jquery-ui-1.10.3.custom.min.css  (0ms)  (pid 16036)
Compiled static_pages.css  (1ms)  (pid 16036)
Compiled users.css  (1ms)  (pid 16036)
Compiled application.css  (3948ms)  (pid 16036)
Connecting to database specified by database.yml
Compiled jquery.js  (6ms)  (pid 16246)
Compiled jquery-ui-1103custommin.js  (5ms)  (pid 16246)
Compiled autocomplete-rails.js  (0ms)  (pid 16246)
Compiled bootstrapmin.js  (0ms)  (pid 16246)
Compiled twitter-bootstrap-hover-dropdown.min.js  (0ms)  (pid 16246)
Compiled auctions.js  (117ms)  (pid 16246)
Compiled countdown.js  (0ms)  (pid 16246)
Compiled embedmin.js  (0ms)  (pid 16246)
Compiled endless_page.js  (0ms)  (pid 16246)
Compiled flowplayer.js  (0ms)  (pid 16246)
Compiled flowplayermin.js  (1ms)  (pid 16246)
Compiled jquery.countdown.min.js  (0ms)  (pid 16246)
Compiled jquery.sausage.js  (43ms)  (pid 16246)
Compiled jsl-test.js  (0ms)  (pid 16246)
Compiled misc.js  (0ms)  (pid 16246)
Compiled sessions.js  (1ms)  (pid 16246)
Compiled static_pages.js  (15ms)  (pid 16246)
Compiled users.js  (17ms)  (pid 16246)
Compiled application.js  (332ms)  (pid 16246)
Compiled all-skins.css  (0ms)  (pid 16246)
Compiled auctions.css  (6ms)  (pid 16246)
Compiled boostrapper.css  (0ms)  (pid 16246)
Compiled bootstrap.min.css  (0ms)  (pid 16246)
Compiled countdown.css  (0ms)  (pid 16246)
Compiled custom.css  (3047ms)  (pid 16246)
Compiled functional.css  (0ms)  (pid 16246)
Compiled jquery.countdown.css  (0ms)  (pid 16246)
Compiled minimalist.css  (0ms)  (pid 16246)
Compiled playful.css  (0ms)  (pid 16246)
Compiled sessions.css  (1ms)  (pid 16246)
Compiled south-street/jquery-ui-1.10.3.custom.css  (0ms)  (pid 16246)
Compiled south-street/jquery-ui-1.10.3.custom.min.css  (0ms)  (pid 16246)
Compiled static_pages.css  (1ms)  (pid 16246)
Compiled users.css  (1ms)  (pid 16246)
Compiled application.css  (3127ms)  (pid 16246)
Connecting to database specified by database.yml
Compiled jquery.js  (6ms)  (pid 16280)
Compiled jquery-ui-1103custommin.js  (5ms)  (pid 16280)
Compiled autocomplete-rails.js  (0ms)  (pid 16280)
Compiled bootstrapmin.js  (1ms)  (pid 16280)
Compiled twitter-bootstrap-hover-dropdown.min.js  (0ms)  (pid 16280)
Compiled auctions.js  (115ms)  (pid 16280)
Compiled countdown.js  (0ms)  (pid 16280)
Compiled embedmin.js  (0ms)  (pid 16280)
Compiled endless_page.js  (0ms)  (pid 16280)
Compiled flowplayer.js  (0ms)  (pid 16280)
Compiled flowplayermin.js  (1ms)  (pid 16280)
Compiled jquery.countdown.min.js  (0ms)  (pid 16280)
Compiled jquery.sausage.js  (43ms)  (pid 16280)
Compiled jsl-test.js  (0ms)  (pid 16280)
Compiled misc.js  (0ms)  (pid 16280)
Compiled sessions.js  (1ms)  (pid 16280)
Compiled static_pages.js  (15ms)  (pid 16280)
Compiled users.js  (18ms)  (pid 16280)
Compiled application.js  (335ms)  (pid 16280)
Compiled all-skins.css  (0ms)  (pid 16280)
Compiled auctions.css  (6ms)  (pid 16280)
Compiled boostrapper.css  (0ms)  (pid 16280)
Compiled bootstrap.min.css  (1ms)  (pid 16280)
Compiled countdown.css  (0ms)  (pid 16280)
Compiled custom.css  (3086ms)  (pid 16280)
Compiled functional.css  (0ms)  (pid 16280)
Compiled jquery.countdown.css  (0ms)  (pid 16280)
Compiled minimalist.css  (0ms)  (pid 16280)
Compiled playful.css  (0ms)  (pid 16280)
Compiled sessions.css  (1ms)  (pid 16280)
Compiled south-street/jquery-ui-1.10.3.custom.css  (0ms)  (pid 16280)
Compiled south-street/jquery-ui-1.10.3.custom.min.css  (0ms)  (pid 16280)
Compiled static_pages.css  (1ms)  (pid 16280)
Compiled users.css  (1ms)  (pid 16280)
Compiled application.css  (3158ms)  (pid 16280)
Connecting to database specified by database.yml
Compiled jquery.js  (6ms)  (pid 16441)
Compiled jquery-ui-1103custommin.js  (5ms)  (pid 16441)
Compiled autocomplete-rails.js  (0ms)  (pid 16441)
Compiled bootstrapmin.js  (0ms)  (pid 16441)
Compiled twitter-bootstrap-hover-dropdown.min.js  (0ms)  (pid 16441)
Compiled auctions.js  (113ms)  (pid 16441)
Compiled countdown.js  (0ms)  (pid 16441)
Compiled embedmin.js  (0ms)  (pid 16441)
Compiled endless_page.js  (0ms)  (pid 16441)
Compiled flowplayer.js  (0ms)  (pid 16441)
Compiled flowplayermin.js  (1ms)  (pid 16441)
Compiled jquery.countdown.min.js  (0ms)  (pid 16441)
Compiled jquery.sausage.js  (43ms)  (pid 16441)
Compiled jsl-test.js  (0ms)  (pid 16441)
Compiled misc.js  (0ms)  (pid 16441)
Compiled sessions.js  (1ms)  (pid 16441)
Compiled static_pages.js  (15ms)  (pid 16441)
Compiled users.js  (17ms)  (pid 16441)
Compiled application.js  (329ms)  (pid 16441)
Compiled all-skins.css  (0ms)  (pid 16441)
Compiled auctions.css  (6ms)  (pid 16441)
Compiled boostrapper.css  (0ms)  (pid 16441)
Compiled bootstrap.min.css  (0ms)  (pid 16441)
Compiled countdown.css  (0ms)  (pid 16441)
Compiled custom.css  (3504ms)  (pid 16441)
Compiled functional.css  (0ms)  (pid 16441)
Compiled jquery.countdown.css  (0ms)  (pid 16441)
Compiled minimalist.css  (0ms)  (pid 16441)
Compiled playful.css  (0ms)  (pid 16441)
Compiled sessions.css  (1ms)  (pid 16441)
Compiled south-street/jquery-ui-1.10.3.custom.css  (0ms)  (pid 16441)
Compiled south-street/jquery-ui-1.10.3.custom.min.css  (0ms)  (pid 16441)
Compiled static_pages.css  (1ms)  (pid 16441)
Compiled users.css  (1ms)  (pid 16441)
Compiled application.css  (3580ms)  (pid 16441)
